15-16 l: llllll
6-13 h: hhhh
4-13 n: nnnnnn
10-16 r: rrrrrrrr
1-6 t: tttttttttttttttt
4-12 l: lll
6-8 d: ddd
7-9 q: qqq
6-8 x: xxxxxxx
5-9 d: ddd
2-6 j: jj
8-10 x: xxxxxxxxxxx
15-16 f: fffffffffffffff
3-12 v: vvvvvvvvvvvvv
2-5 p: pp
11-12 r: rrrr
13-16 f: ff
3-5 f: ffffff
2-4 f: ffff
11-13 s: sssssssss
1-6 c: cccc
2-6 t: tt
12-17 w: wwwwwwwwwwwwwww
5-6 k: kkkkk
4-5 p: pppp
5-12 h: hhhhhh
6-8 p: ppppp
3-4 z: zzz
6-15 x: xxxxx
4-7 m: m
18-20 b: bbbb
1-11 c: ccccccccccccc
1-3 p: ppp
2-6 j: jj
2-4 l: l
3-5 b: bbbb
6-11 h: hhhhhhhh
1-4 w: ww
10-12 p: pppppppp
11-14 f: fffffffffffff
4-9 v: vvvvvvv
16-17 t: ttttttt
2-6 w: wwwwwwwwww
6-11 x: xxxxxxxxxxxx
9-10 t: ttttt
2-9 w: wwwwwwwww
2-4 g: gggggggggggg
5-6 d: ddddddddddd
5-8 j: jjj
9-12 l: llllll
2-3 w: www
16-18 m: mmmmmmmmmmmmm
3-4 t: tt
11-12 b: bb
2-11 s: sssssss
2-5 g: gg
10-14 l: lllllllllllll
8-9 w: wwwwwww
8-10 m: mmmmmmmmmmm
1-11 z: zzzzz
16-17 v: vvvvvv
14-18 k: kkkkkkkkkkkkkkkkkk
2-3 q: qqqqqqqqq
4-9 c: ccc
2-3 b: bbbbbbb
15-18 v: vvvvvvvvvvv
4-7 q: qqqqqqq
3-13 j: jj
4-11 q: qq
3-4 j: j
5-7 c: cccc
3-4 f: fffff
3-5 t: tt
7-8 t: tttttt
1-12 r: rrrrrrrrrrrrrrr
7-8 k: kkkkkkkk
3-4 l: lll
1-14 h: hhhhhhhhhhhh
3-5 d: dddd
1-7 w: wwww
4-5 p: pppppppp
10-14 l: llllllllll
15-17 d: dddddddddddddddddd
1-8 z: zzzz
1-2 v: vvv
7-11 l: llllllllllll
3-14 h: hhhhhhhhhhhhhh
6-7 m: mmmmm
9-13 h: hhhhhhhhhhhhhhhhh
12-17 c: cccccccccccccc
6-12 x: xxxxx
6-8 z: zzz
6-8 l: llllllllllllll
6-13 d: ddddddddd
3-8 h: 
1-6 t: ttttttt
5-8 x: xx
6-9 z: zzzzzzzzzzz
2-4 v: vvvv
1-7 w: ww
2-3 t: t
1-2 n: nnn
5-11 l: llllll
7-13 c: cccccccc
2-3 z: zz
7-8 s: ss
3-11 w: www
16-17 q: qqqqqqqqqqqqqqq
7-15 h: hhhhhhhh
6-10 k: kk
9-17 f: fffffffffffffffff
10-12 q: qqqqqqqqq
3-16 x: xxx
1-2 x: xxx
10-11 p: pppppppp
3-5 w: wwwwwwwww
10-11 j: jj
9-11 n: nnnnnnnnnnn
1-5 l: lllllllllll
14-16 q: qqqqqqqqqqqqqqqq
2-3 b: bbb
5-8 x: xxxx
1-4 x: xxxx
1-6 n: nnnn
9-17 p: pppppppppppppppppp
2-4 d: ddd
13-14 p: ppppppppp
5-6 t: tttttttt
10-12 r: rrrrrrrrrrrrrrrrr
4-7 h: hhh
4-5 m: mmmmm
4-5 q: qq
6-12 c: ccc
4-16 k: kkk
4-5 f: fff
6-13 n: nnnnn
15-18 s: sssssssssssss
1-15 v: vvvvvvvvvvvvvvvv
2-8 h: hhh
4-13 t: t
2-10 t: ttttttttttt
12-13 t: tt
7-8 w: wwww
13-16 v: vvvvvv
12-13 w: wwwwwwwwwwwwww
14-15 d: dddddddddddddd
1-3 b: bbbbbb
11-12 t: tttt
3-7 n: nnn
5-13 v: vvvvvvvvvv
3-8 n: nn
14-15 p: pp
4-6 q: qqqq
9-10 v: vvvvvvv
5-7 m: mmmmmmm
6-7 k: kkkkkkk
8-9 h: hhhhhhhh
8-11 p: ppppppppppp
11-17 k: kkkkkkkkkkkkkkk
9-17 w: www
8-12 j: jjjjjjjjjjjjjjj
3-5 g: gggg
12-14 j: jjjjjjjjjjjjjjjjjjjj
1-11 f: fffffffffffff
16-17 f: fffffffffffffffff
2-4 k: kkkk
5-8 g: ggg
4-7 b: bbbbbbb
4-5 w: wwww
5-15 g: gggggg
9-13 v: vvvvv
1-3 d: dddd
2-5 w: w
7-11 x: xxxxxxxx
5-6 v: v
3-15 s: sssssssssssssss
5-9 d: dddddddddddddddd
5-8 l: lll
10-13 s: ssssss
11-18 j: jjjjj
4-6 t: ttt
2-17 v: v
2-4 x: x
11-12 d: dddddddddd
2-13 h: hh
5-7 d: dddddddddddddddd
4-8 b: bbbb
8-15 l: llll
3-5 n: nn
12-19 m: mmmmmmmmmmmmmmmmmmm
5-9 g: ggg
6-9 j: j
6-10 s: ssssssssssssss
8-9 h: hhhhhhh
12-15 f: ffffffffffffffffff
3-7 p: ppp
6-7 r: r
2-5 f: ff
5-11 h: hhhhhhhhhh
16-18 r: rrrrrrrrrrrrrrrrrrr
2-4 r: rr
7-9 c: cccccccccc
7-13 d: ddddddddddddd
3-11 k: kk
8-11 c: cccccc
1-3 v: vvv
4-7 t: tttt
4-16 n: nnnnnnnnnnnnnnnn
5-6 m: mmmmmm
9-10 x: xxxxxxxxx
2-4 m: mmmm
6-7 q: qqqqqqq
16-19 k: kkkkkkkkk
19-20 b: bbbbbbbbbb
4-5 p: ppppp
3-4 d: dd
4-7 n: nnnnnnn
9-12 k: kkkkkkkkkkkkk
4-10 h: hhhhhh
4-9 t: tttt
4-11 l: ll
17-20 d: dddddddddddddd
3-4 s: ss
4-8 s: sssssss
5-16 t: tttttttttttt
9-17 j: jjjjjjjjjjjj
7-8 b: bbbbbbb
2-13 l: llllllllllll
8-11 n: nnnn
1-5 d: dddddddd
10-11 s: sssss
14-16 p: ppppppppppppp
2-8 h: hh
6-7 d: dddd
5-7 n: nnn
9-13 f: fffffffffffff
2-10 j: jj
5-7 g: ggggggg
5-6 d: ddddddddd
12-13 g: gggggggggg
1-8 l: llllllll
12-13 f: ffff
6-7 s: s
5-11 s: sssssssssss
2-6 x: xx
1-2 w: wwwwwwwwwwwwwwwww
7-12 s: ss
10-12 l: llllllllllll
8-9 s: ssssssss
1-7 p: pppppppppppp
1-3 x: xx
1-7 b: bbbbbbbbb
4-5 c: cccccc
5-9 k: kkkkkk
12-18 x: xxxxxxxxxx
5-8 h: hh
15-16 k: kkkkkkkkkkkkk
1-13 j: jj
11-13 v: vv
2-5 m: mm
10-15 t: tttttttttt
9-10 n: nnnnnnn
8-10 b: bbbbb
4-12 n: nnnnnnnnnnnnn
13-14 v: vvv
2-9 j: jjjjjj
11-16 g: gggggggggg
1-2 b: bb
8-11 v: vvvvvvvv
5-7 x: xxxxx
2-15 t: tt
5-8 r: rrrr
5-6 v: vvvvv
4-5 x: xx
1-2 k: kkkkk
10-13 r: rrrr
1-2 h: hhhhhhhhhhhhhhhh
3-6 b: bbbbbbbbbb
13-14 s: ssssssssssssss
7-11 x: xxxx
5-16 m: mmmmm
17-18 b: bbbbbbbbbbbbbbbbb
11-20 k: kkkkkkkk
13-14 t: ttt
5-6 z: zz
2-3 p: pp
9-12 b: bbbbbbbb
8-9 b: bbbbbbbbbb
13-17 r: rrrrrrrrrrrrrr
8-11 w: ww
3-4 x: xxxx
6-9 j: jjj
6-7 m: mmm
8-9 l: lllllllll
8-9 t: t
4-7 d: dddddd
4-5 c: ccccccc
1-7 q: qqqq
8-15 q: qqqqqqqqqqqqqqqq
4-8 f: fffffffff
7-12 r: rrrrrrrrrrrrrrrr
14-15 j: jjjjjjjjjjjjj
6-17 b: bbb
5-7 j: jjj
2-9 h: hh
5-7 j: jj
12-14 t: tttttttttttt
8-9 q: qqqqqqqq
4-15 p: pppppppppppppp
2-3 v: vvvvv
5-7 h: 
11-12 g: gggggggg
5-6 g: gggggg
1-6 x: xxxxxxxxxxx
1-4 r: rrrrrrr
9-10 w: wwwwwwwww
7-15 z: zzzzzzz
4-5 q: qqqqqq
12-16 g: ggggggggggg
11-13 b: bbbbbb
2-3 l: ll
1-7 q: qq
5-9 x: xxxxxxxxx
6-8 p: pp
11-13 t: tttttttttttt
9-16 l: ll
1-11 j: jjjjjjjjjjj
2-18 t: tttttttttttttttttt
6-7 n: nnnn
3-5 s: sssssssssss
3-5 h: hhhhhh
4-10 x: xxxxxx
2-4 n: nn
17-18 p: pppp
14-15 d: dddddddddddddddd
10-14 m: mmmmmmmmmmmmmmm
8-9 k: kkkkk
7-11 l: llllllllllllllllll
11-15 n: nnnnnnnnnn
2-4 l: 
10-11 w: wwwwwwwwww
3-5 x: xxxxxxx
3-15 b: bbbbbbbbb
4-5 n: nn
13-16 n: nnnnnnn
1-8 t: ttttttttt
6-9 d: ddd
9-10 d: ddd
7-11 c: cccccccccc
15-16 p: pppppppppppp
2-4 n: nn
9-11 r: rrrrrrr
7-10 t: ttttttttttttt
4-10 b: bbbbbbbbb
7-8 j: jjj
5-15 z: zzzzzzzzzzzzzz
10-11 r: rrrrrrrrrrrrrr
6-8 t: ttttttt
2-9 c: c
9-16 r: rrr
17-18 r: rr
5-6 d: dddd
1-2 r: rrr
8-9 j: jjjjj
8-9 c: cccccccc
13-14 b: bbbbbbbbbbbbb
5-6 p: p
1-2 w: ww
10-13 q: qqqqqqqqqqqq
3-4 m: m
11-15 d: ddddddddddd
4-10 h: hhhhhhhhhhhhhh
2-4 d: d
4-5 l: ll
9-13 s: sssssssssssss
7-8 p: pppppppppp
3-8 j: jjjjjjjj
7-8 f: ffffffff
2-5 p: pppppppp
8-9 l: lllll
4-5 m: mm
13-16 x: xxxxxxxxxxx
5-8 n: nnnn
4-7 p: ppppppppp
12-15 r: rrrrrrrrrrrrrrr
2-9 s: sssssssssss
5-6 z: zzz
13-17 m: mmmmmmm
5-7 g: gggggggg
8-9 f: fff
2-10 g: gg
6-13 r: rrrrrrrrrrrrr
1-6 z: zzzz
10-13 j: jjjjjjjjjjjjj
5-11 m: mmm
6-8 d: ddd
8-12 n: n
3-6 r: rrrrrrrr
9-10 r: rrrrrrrrrrr
4-5 m: mm
7-8 r: rrrrrrr
3-4 j: jj
16-17 n: nnnnnnnnnnnnnnnnnnn
7-8 r: rrrrrrr
4-12 n: nnnnnnnnnn
11-12 v: vvvvvvvvvvvv
2-8 h: hhhhhhhhhh
4-5 t: ttttt
3-5 v: vvvvvvvv
9-14 x: xxxxx
4-5 z: zz
10-11 p: ppp
8-15 m: mmmmmmmmmmmmmm
1-13 h: hhhhh
17-19 s: ssssssssss
6-8 b: bbbbbbbbb
3-4 l: ll
2-4 j: jj
2-5 n: nn
15-16 w: wwwwwwwwwwwwww
1-3 c: cccc
2-5 s: ssss
1-4 t: ttttttt
1-9 r: rrrrrrrrr
12-13 s: sssssssss
2-4 h: hhhhhhh
1-5 g: ggg
11-14 t: tttttttttttt
3-4 s: ssss
5-15 m: mmmmmmmmmmmmm
1-8 j: jjjjjjj
1-4 c: ccccc
5-7 d: dddddd
2-8 z: zzzzzzzzzz
1-5 s: s
8-11 z: zzzzzzz
5-9 g: ggggg
1-12 r: rrrrrrrrrrrrr
3-4 m: mm
8-10 j: jjjjjjj
2-4 t: tttttt
4-13 t: t
4-12 q: qqqq
7-8 q: qqqqqqqq
9-10 f: fffffffffff
2-7 k: kkkkkkk
7-11 t: tt
4-7 c: ccccccccc
12-14 d: ddddddddddddddddd
6-7 k: kk
3-5 q: qqq
13-17 d: ddddddddddddddddd
2-3 g: gg
5-9 z: zzzzz
7-13 l: ll
15-16 r: rrrrrrrr
2-7 x: xxxxxxx
7-14 m: mmmmm
2-4 x: xx
7-15 k: kkkkkk
7-11 n: nnnn
8-10 s: sssssssss
14-16 n: nnnnnnnnnnnnnn
4-7 g: ggggggggggggg
4-7 g: gggggggg
1-2 c: cccc
4-8 j: j
11-12 x: x
1-9 k: kkkkkkkkkk
1-6 k: kkkkkkk
1-6 c: cccccccccc
14-15 h: hhhhhhhhhhhh
7-8 f: ffff
2-6 m: mm
5-8 k: kkkkk
3-4 s: sss
2-4 p: p
2-11 z: zzzzzzzzzzz
4-7 f: fff
13-16 m: mmmmmmmmmmmmmmmmmm
5-10 t: ttttt
3-12 j: jjjjjjjjjjjjj
13-14 f: ffffffffffff
2-6 m: mmm
4-18 n: nnnnnnnnnnnnnnnn
3-6 n: nnnn
7-11 g: gggggggggggg
6-8 l: lllllllll
4-5 s: ssss
6-14 w: wwwwwwwwwwwwwwww
9-12 q: qqqq
1-4 j: jjjj
9-19 f: fffffffffffffffffff
2-6 t: ttttt
6-9 d: dddddddddd
7-12 l: lllllllllllllll
1-12 p: ppppppppppppp
1-4 s: sssssss
6-7 v: vvvvvv
2-7 t: t
6-16 n: nnnnnn
3-4 z: zzzz
4-5 v: vvvv
4-5 j: jj
2-4 k: kkkkkkkkkk
7-9 g: gggg
5-9 s: sssssss
2-8 j: jjjj
5-12 r: rr
1-2 v: vvvvvvv
5-9 v: vv
3-5 m: mmmm
12-15 v: vvvv
6-7 b: bbb
2-4 b: b
6-7 n: nnnnn
13-15 z: zzzzzzz
5-6 c: ccccccc
6-7 z: zzzzzzz
6-14 l: llllllllllllllllll
13-16 r: rrrrrrrrrrrrrr
11-12 r: rrrrrrr
15-19 w: wwwwwwwwwwwwwwwwwww
3-6 w: www
17-18 z: zzzzzzzzzzzzzzzz
3-4 g: g
4-5 x: xx
11-12 w: www
2-3 w: 
7-8 w: wwwwww
2-6 n: nn
3-7 j: jjjjjjjjjj
1-2 l: lll
15-18 r: rrrrrrr
3-6 v: vvvvv
2-10 s: s
5-8 j: jjjj
9-13 b: bbbbbbbbbbbbb
3-4 w: www
6-7 x: xxxxxxx
7-15 g: gggggggggggggggg
16-18 f: fffffffffffffffff
3-4 q: qq
3-4 k: kk
4-18 z: zz
1-8 z: zzzzzzzzzzz
7-16 x: xxxxxxxxxxxxxxxxx
3-6 t: t
8-9 r: rrrrr
1-7 v: vvvvvvv
6-8 t: tttttttt
1-5 w: www
6-7 c: ccc
3-4 t: ttttt
9-10 q: qqqqqqqqqq
11-12 d: ddddd
7-8 j: jjj
3-6 t: ttttttt
6-8 t: ttttt
2-5 q: qqqq
1-3 t: ttt
13-17 n: nnnnnnnnnnnnnnnnnn
4-6 j: jj
5-10 c: ccccc
7-11 v: vvvvvvv
5-8 k: kkkkkkkkk
1-12 z: zzzzzzzzzzzzzzzzz
17-18 t: ttttttttttttttttt
16-17 z: z
4-11 d: ddddd
17-18 t: tttttttttttttttttt
9-12 w: wwwwwwwwwwww
3-4 z: zz
1-8 q: qqqqqqqq
6-8 r: rrrrrrr
13-17 b: bbbbbbbbbbbb
5-16 q: qqq
7-9 c: ccccccc
10-11 p: ppppppppp
1-6 v: vvvvvvvvvv
5-6 s: sssss
6-14 r: rrrrrrrr
2-11 c: cc
11-15 d: ddddddddddddddd
13-14 w: wwwwwwwwwwwww
12-15 t: ttttttttttttttt
5-8 g: ggg
5-11 g: gggggggg
2-4 c: cccc
2-3 h: 
9-13 r: rrrrrrrrrrrrrr
2-7 f: ff
1-5 f: fffffffff
3-4 c: cccc
2-7 m: m
3-4 r: rrr
2-3 d: dd
5-6 q: qqqqqq
13-15 d: dddddddddddddd
3-4 c: cc
2-7 q: qqqqqqqqqqqqq
11-14 x: xxxxxxxx
10-11 b: bbbbbbbbbbb
7-11 p: ppppppppppp
5-6 r: rrrr
1-4 d: dddddd
5-9 f: ffff
8-16 k: kkkkkkkkkk
15-16 v: vvvvvvvvvvvvvv
2-5 p: p
11-15 w: wwwwwwwwwww
11-13 x: xxxxxxxxxx
18-19 b: bbbbbbbbbbbbbbbbbb
2-4 l: l
8-11 m: mmmmmm
4-6 g: gg
5-7 t: tttttt
7-11 p: pp
2-3 r: rrrrr
6-7 r: rrrrrr
4-14 d: dddddddddddddddd
5-7 q: qqqqqqqq
1-4 t: ttt
4-10 f: ffff
16-17 j: jjjjjj
3-4 v: vvv
5-6 s: ssssss
1-2 r: rrrrr
4-7 h: hh
4-9 l: lllllllll
4-6 w: www
4-11 l: lllllll
4-5 k: kkkk
4-6 s: ssssssssss
12-14 w: wwwwwwwwwwwwww
2-4 b: b
7-18 g: ggggggggggggggggggg
1-13 s: ss
14-15 g: ggg
8-12 g: gggggg
3-5 c: ccccc
7-12 q: qqqqqqqqq
1-6 m: mmmm
3-16 r: rrrrr
14-16 l: lllllllllll
2-5 w: wwwww
7-9 r: rrrrrrr
2-3 j: j
3-8 w: wwwwwww
1-5 l: lllllll
2-4 b: b
2-3 p: pp
3-4 c: c
2-5 b: bb
4-15 m: mmmmmm
12-15 r: rrrrrrrrrrrrrr
10-13 j: jjjjjjjjjjjjj
8-20 w: ww
11-14 j: jjjjjjjjjjj
1-4 g: ggggg
4-8 q: qqqq
1-11 h: hhhhhhhhhh
4-8 x: xxxxxxxxx
13-14 x: xxxxxxxxxxxxxx
12-16 b: bbbbbbbbbbb
1-4 j: j
5-6 q: qqqqqqqq
2-5 x: xxxxx
8-10 n: nnnnnnnnnn
5-10 m: mmmmmmmmmmmm
2-3 c: c
3-5 n: 
18-19 q: qqqqqqqqqqqqqqq
5-13 k: kkkkkkkkkkkkkk
5-10 q: qq
15-17 l: llllllllllllllll
4-10 b: bbb
1-4 c: ccc
6-16 f: fffffffffffffffff
4-9 j: jjj
11-12 z: 
3-8 d: d
2-3 n: nnnnn
6-12 r: rrr
1-15 k: kkkk
6-8 v: vvv
2-3 p: ppppp
2-14 r: rrr
7-10 p: pp
1-3 v: vvv
1-3 b: bbbb
2-12 q: qqqq
7-9 l: lllllllllllll
16-17 r: rrrrrrrrrrrrrrrr
8-9 g: gggggggg
6-8 v: vv
9-12 t: tttttttttt
5-12 q: qqqqq
8-9 d: ddddddddd
2-8 q: qq
13-16 q: qqqqqqqqqqqqqq
7-9 p: ppppppppp
4-6 h: hhhhhhh
6-8 g: gggggggggg
4-5 j: jjjjj
4-5 x: xxx
2-13 x: xxx
12-19 x: xxxxxxxxxxxxxxxxx
1-4 m: mmmm
5-11 x: xxxx
3-4 t: ttttt
4-13 b: bbbbbbb
5-7 d: dddddd
4-15 l: llll
9-14 d: ddddddd
8-9 s: ssssssss
9-13 l: llllllll
4-5 n: nnn
8-12 v: vvvv
6-7 f: ffffff
10-11 g: gggg
8-11 d: ddddddddd
5-6 s: sss
1-3 r: rrr
9-14 p: pppppppppppppppp
11-15 t: ttt
2-7 t: 
10-11 c: cccccccccc
9-14 s: sssssssssssssss
2-5 t: tt
4-6 t: tttttt
4-5 z: zzz
2-3 x: xx
4-5 b: bbbbbb
3-4 x: xx
5-6 z: zzzzzzzzz
1-4 c: ccc
3-6 k: kkkkkkk
2-3 z: zzzzz
8-10 z: zzzzzzzzz
1-9 c: ccccccccccc
3-12 j: jjjjjjjjjjjj
10-14 l: lllllllll
8-12 r: rrrrrr
17-20 q: qqqqqqqqqqqqqqqqq
6-9 l: llllllllllll
8-9 v: vv
3-7 v: 
12-13 f: fffffffffff
1-3 m: m
5-7 r: rr
8-11 c: cccc
9-17 g: ggggggggggg
6-9 k: kkk
10-16 q: qq
11-13 m: mmmmmmmmmmmm
1-2 j: jjj
3-12 h: hhhhhhhhhhhhh
8-11 w: www
7-14 d: dddd
5-8 c: cccccccccc
12-16 p: pppppp
1-14 t: tttttttttttttt
9-12 t: ttttttttt
3-5 p: pp
13-14 k: kkkkkkkkkkkkkk
11-13 x: xxxxxxxxxxx
5-12 n: nnnnnnnnnn
12-14 h: hhhhhhhhhhhhhh
8-10 j: jjjjjj
6-9 c: ccccccccc
5-12 j: jjjjjjjjjjjj
1-2 f: fffff
13-17 x: xxxxxxxxxxxxx
2-5 d: dd
2-4 q: qqq
2-6 p: p
9-11 k: kkk
2-5 p: p
1-3 f: fff
5-9 r: rrrrrrrrr
2-4 p: ppp
9-11 l: lllllll
4-5 x: xxxxxx
5-9 x: xxxxxxxxxx
16-20 b: bbbbbbb
10-15 c: cccccccccccccc
10-11 x: xx
15-17 f: fffffff
5-6 q: qqqqqqqq
3-4 h: hhhh
7-9 x: xxxxxxxxx
7-8 f: fffff
12-13 v: vvvvvvvvvvvvvvv
3-7 g: ggggggg
1-5 w: www
3-5 h: hhhhhhhhhh
6-7 w: wwwwwwwwww
5-11 m: mmmm
14-15 j: jjjjjjjjjjjjjjjj
3-5 v: vvvv
3-6 p: pppp
3-5 t: ttttt
2-7 x: xxxxxxxxxxxxxxx
6-8 k: kkkkkkkkkk
10-11 f: ffffffffff
11-12 g: gggggggg
1-7 x: xxxxxxxx
3-4 h: hh
6-8 r: rrrrrrrr
2-6 l: l
2-4 j: jjj
2-15 d: ddddddddddddddd
5-12 h: hh
1-2 t: tt
14-15 f: ffffffffffff
8-9 b: bbbbbbb
5-6 f: fff
8-15 j: jjjjjj
3-5 l: llllll
10-15 z: zzzzzzzz
3-5 q: qqqq
3-4 d: dd
8-11 c: ccc
2-13 r: r
7-9 w: wwwwwwww
3-6 s: ss
3-4 b: bbbb
2-4 s: sss
8-9 q: qqqqqqq
4-7 s: sss
15-16 k: kkkkkkkkkkkkkkkk
10-13 x: xxxxxxxxxxxxx
4-5 p: p
7-11 v: vvvvvvvvvvvvv
14-15 n: nnnnnnnnnnnnnn
5-8 k: kkkk
12-16 g: ggggggggggggggggg
1-8 c: cccccccc
3-9 p: ppppppppp
7-9 q: qqqqqq
1-12 m: mmmmm
2-4 s: 
2-4 w: ww
7-14 v: vvvvvvvvvvvvvv
3-8 p: pppppp
4-10 n: nnnnnnnnn
5-7 k: kkkk
10-13 r: rrrrrrrrrrrrr
1-6 k: kkkkkk
3-5 k: kk
5-8 p: pppp
2-5 f: ff
6-9 l: ll
4-13 x: xxxx
2-10 v: vvvvvvvvvvvvvvvv
11-12 v: vv
1-4 m: mm
3-5 d: dd
8-10 h: hhhhhh
4-5 s: sss
2-3 l: lll
10-11 k: kkkkkkkk
6-8 r: rrrrrrrrr
3-4 s: s
17-18 p: pppppppppppp
16-17 s: ss
5-10 f: fffffff
6-18 m: mmmm
5-6 d: ddd
11-15 b: bbbbbbbbbb
6-7 r: rrrr
5-6 q: qqqqqqqqqq
3-6 k: kk
8-10 d: ddd
13-15 n: nnnn
2-4 w: ww
10-11 p: pppppp
9-10 r: rrrrrrrrrrr
2-8 w: wwwwwwwwww
12-13 g: gggggggggggggg
1-6 s: sssssss
1-9 k: kkkkkkkkkkkkk
2-4 c: ccccc
3-7 s: ss
12-13 k: kkkkkkkkkkk
9-16 q: qqqqqqq
7-9 p: ppppppppppp
4-6 b: bb
9-10 g: ggggg
2-9 t: tttttt
3-4 x: xxxx
8-14 s: ssssssssssssssss
1-3 m: mmmm
10-15 s: sssss
3-4 s: s
5-11 f: fffffffffffffffff
7-9 v: vvvvvv
4-8 l: lllllllllllllllll
11-16 x: xxxxxxxxxxxxxxxxx
9-13 t: tttttttt
9-13 g: gg
3-4 d: ddd
1-3 l: lll
7-17 r: rrrrrrr
7-8 g: ggg
5-7 b: bbbb
6-7 v: vvv
1-6 t: tttt
2-13 n: nnnnnnnnnnn
4-11 b: bbbbbbbbbbb
6-9 x: xxxx
2-4 w: wwww
5-13 j: jjjjjjjjjjjjjjj
1-4 f: ff
5-9 z: zzzzzzz
5-9 x: xxxxxxxx
15-17 b: bbbbbbbbbbbbbbbb
2-7 x: xxxxx
3-4 q: qqqq
6-7 m: mm
8-10 k: kkkkkkkkkkk
2-6 n: nn
1-6 s: ssssssssssssss
1-9 n: nn
2-5 p: p
4-6 g: ggg
7-12 b: bbbbbbbbbbbbbbbb
2-3 b: b
7-12 n: nnn
4-6 v: vvv
2-5 g: gg
1-5 f: fffffffffff
15-16 z: zzzzzzzzzzzzzz
3-4 l: lll
7-8 f: fffff
2-4 r: rrrrrrr
12-14 w: wwwwwwwwwwww
2-12 m: mmmmmmmmmmmmm
5-7 q: qqqqqqq
1-4 r: r
5-6 j: jjjj
9-13 d: ddddddd
8-9 r: rrrrrr
10-12 f: fffffffffffffff
5-12 b: bbbbbbbbb
9-10 j: jjjjjjjjjjj
3-4 q: qqq
3-9 r: rrr
2-3 c: cc
3-4 c: cc
3-6 n: nnnnnn
2-4 h: hh
9-12 t: ttt
11-13 x: xxxxxxxxxxxx
4-14 m: mm
6-12 r: rrrrrrrrrrrrr
14-16 g: gggggggggg
9-13 h: hhhhhhhhh
3-15 x: xxxxxxxxxxxxxxx
10-12 z: zzzzzzzzzzzz
3-4 h: h
13-14 g: gggggggggggggg
7-11 r: rrrrrrrrrrr
6-9 x: xxxxx
3-5 h: hhhh
1-9 j: jjjjjjjjjjjj
7-10 b: bbbb
10-11 g: ggggggggggg
1-7 x: xx
9-10 q: qq
4-10 q: qqq
11-12 x: xxxxxxxxxxxxx
3-12 s: sssssssssss
9-12 s: sssssss
1-6 r: rrrrr
11-13 k: kkkkkkkkkkk
4-5 h: hhhhhh
5-19 f: fffffffffffffffffff
3-4 z: zzzz
5-8 l: lllll
3-9 g: gggg
7-9 b: bbbbbbbbb
4-5 c: ccccc
15-16 j: jjjjj
5-6 z: zzzz
3-7 t: ttt
1-5 l: lllll
5-18 n: nnnnnnnnnnnnnnnnnn
5-6 m: m
9-10 p: pp
2-9 h: hh
4-6 n: nnnnn
2-7 q: qqqqq
7-8 c: ccccccc
8-12 r: rrrrrrrr
14-15 j: jjjjjjjjjjjjjj
7-9 s: sssss
8-11 h: hhhhhhhhhhhh
5-6 d: ddddd
