0 acc +0
1 acc -11
2 acc -19
3 acc -18
4 jmp +356
360 jmp +136
496 nop -53
497 jmp +1
498 jmp -164
334 acc +15
335 jmp -46
289 jmp +190
479 acc +30
480 jmp -315
165 jmp +1
166 nop +467
167 acc +7
168 jmp -87
81 acc +22
82 nop +561
83 jmp +425
508 acc +41
509 acc -2
510 jmp +133
643 acc -13
644 acc +1
645 acc +27
646 acc +0
647 jmp -393
254 acc +42
255 nop -77
256 acc -6
257 jmp -27
230 acc +7
231 acc +1
232 acc +23
233 jmp -222
11 nop +54
12 nop +348
13 jmp +144
157 acc +39
158 acc -16
159 jmp +327
486 acc -9
487 acc +47
488 jmp -133
355 acc +35
356 acc -10
357 jmp -118
239 acc +15
240 acc -10
241 acc +38
242 jmp -146
96 jmp -88
8 jmp +97
105 acc +34
106 acc +49
107 acc +0
108 jmp -79
29 acc +6
30 jmp +232
262 acc +16
263 acc +41
264 acc +1
265 jmp -114
151 jmp +270
421 acc +17
422 acc -8
423 jmp -57
366 jmp -38
328 nop +180
329 acc +7
330 jmp +1
331 acc +18
332 jmp -159
173 jmp +281
454 acc +23
455 jmp -421
34 acc +36
35 acc -15
36 acc +21
37 acc +29
38 jmp +361
399 nop +115
400 nop -304
401 jmp +171
572 acc +9
573 acc +18
574 acc +27
575 acc +0
576 jmp -431
145 nop +221
146 jmp +1
147 acc +1
148 jmp +295
443 acc +2
444 jmp +1
445 jmp +75
520 acc -10
521 acc -9
522 acc -16
523 acc +17
524 jmp -264
260 jmp +321
581 acc -5
582 acc +30
583 acc +21
584 nop -362
585 jmp -471
114 jmp +277
391 acc +32
392 nop +251
393 jmp +233
626 acc +17
627 jmp -170
457 acc +47
458 acc -19
459 jmp -361
98 acc +0
99 acc -5
100 acc +31
101 jmp +438
539 acc -12
540 acc +4
541 jmp +62
603 acc +45
604 nop -358
605 jmp -322
283 jmp +38
321 acc +14
322 acc +48
323 acc -2
324 jmp +92
416 jmp -337
79 jmp +454
533 acc +13
534 jmp -242
292 acc +15
293 jmp -83
210 acc +15
211 jmp +214
425 jmp -231
194 nop -173
195 jmp +6
201 jmp +1
202 acc +44
203 acc +26
204 jmp -74
130 nop +174
131 acc +14
132 acc +17
133 jmp +272
405 nop +186
406 jmp +214
620 acc +25
621 acc +24
622 acc +5
623 acc +0
624 jmp -256
368 nop -8
369 acc +8
370 jmp +196
566 acc +0
567 acc +0
568 jmp -480
88 acc -19
89 acc -10
90 acc -8
91 jmp +399
490 acc +19
491 acc +8
492 jmp -81
411 acc -11
412 acc +1
413 jmp -98
315 acc +39
316 acc +30
317 acc +22
318 acc +35
319 jmp +292
611 acc -14
612 acc +43
613 nop -111
614 jmp -492
122 acc +18
123 acc +1
124 acc +36
125 acc -19
126 jmp +145
271 jmp +103
374 acc +31
375 acc +26
376 acc -8
377 jmp +96
473 jmp -139
334 acc +15
state: 334, accumulator: 1262
